I, [2016-01-29T13:56:46.850275 #11803]  INFO -- Kitchen: -----> Starting Kitchen (v1.5.0)
E, [2016-01-29T13:56:46.882648 #11803] ERROR -- Kitchen: ------Exception-------
E, [2016-01-29T13:56:46.882738 #11803] ERROR -- Kitchen: Class: Kitchen::UserError
E, [2016-01-29T13:56:46.882756 #11803] ERROR -- Kitchen: Message: You must first install the Docker CLI tool http://www.docker.io/gettingstarted/
E, [2016-01-29T13:56:46.882769 #11803] ERROR -- Kitchen: ---Nested Exception---
E, [2016-01-29T13:56:46.882781 #11803] ERROR -- Kitchen: Class: Kitchen::ShellOut::ShellCommandFailed
E, [2016-01-29T13:56:46.882794 #11803] ERROR -- Kitchen: Message: Expected process to exit with [0], but received '1'
---- Begin output of sudo -E docker >> /dev/null 2>&1 ----
STDOUT: 
STDERR: 
---- End output of sudo -E docker >> /dev/null 2>&1 ----
Ran sudo -E docker >> /dev/null 2>&1 returned 1
E, [2016-01-29T13:56:46.882804 #11803] ERROR -- Kitchen: ------Backtrace-------
E, [2016-01-29T13:56:46.882815 #11803] ERROR -- Kitchen: /usr/local/lib/ruby/gems/2.2.0/gems/kitchen-docker-2.3.0/lib/kitchen/driver/docker.rb:76:in `rescue in verify_dependencies'
E, [2016-01-29T13:56:46.882825 #11803] ERROR -- Kitchen: /usr/local/lib/ruby/gems/2.2.0/gems/kitchen-docker-2.3.0/lib/kitchen/driver/docker.rb:74:in `verify_dependencies'
E, [2016-01-29T13:56:46.882836 #11803] ERROR -- Kitchen: /usr/local/lib/ruby/gems/2.2.0/gems/test-kitchen-1.5.0/lib/kitchen/driver.rb:45:in `for_plugin'
E, [2016-01-29T13:56:46.882845 #11803] ERROR -- Kitchen: /usr/local/lib/ruby/gems/2.2.0/gems/test-kitchen-1.5.0/lib/kitchen/config.rb:230:in `new_driver'
E, [2016-01-29T13:56:46.882926 #11803] ERROR -- Kitchen: /usr/local/lib/ruby/gems/2.2.0/gems/test-kitchen-1.5.0/lib/kitchen/config.rb:243:in `new_instance'
E, [2016-01-29T13:56:46.882939 #11803] ERROR -- Kitchen: /usr/local/lib/ruby/gems/2.2.0/gems/test-kitchen-1.5.0/lib/kitchen/config.rb:139:in `block in build_instances'
E, [2016-01-29T13:56:46.882948 #11803] ERROR -- Kitchen: /usr/local/lib/ruby/gems/2.2.0/gems/test-kitchen-1.5.0/lib/kitchen/config.rb:138:in `map'
E, [2016-01-29T13:56:46.882957 #11803] ERROR -- Kitchen: /usr/local/lib/ruby/gems/2.2.0/gems/test-kitchen-1.5.0/lib/kitchen/config.rb:138:in `with_index'
E, [2016-01-29T13:56:46.882966 #11803] ERROR -- Kitchen: /usr/local/lib/ruby/gems/2.2.0/gems/test-kitchen-1.5.0/lib/kitchen/config.rb:138:in `build_instances'
E, [2016-01-29T13:56:46.882975 #11803] ERROR -- Kitchen: /usr/local/lib/ruby/gems/2.2.0/gems/test-kitchen-1.5.0/lib/kitchen/config.rb:114:in `instances'
E, [2016-01-29T13:56:46.882985 #11803] ERROR -- Kitchen: /usr/local/lib/ruby/gems/2.2.0/gems/test-kitchen-1.5.0/lib/kitchen/command.rb:115:in `filtered_instances'
E, [2016-01-29T13:56:46.882994 #11803] ERROR -- Kitchen: /usr/local/lib/ruby/gems/2.2.0/gems/test-kitchen-1.5.0/lib/kitchen/command.rb:145:in `parse_subcommand'
E, [2016-01-29T13:56:46.883003 #11803] ERROR -- Kitchen: /usr/local/lib/ruby/gems/2.2.0/gems/test-kitchen-1.5.0/lib/kitchen/command/test.rb:43:in `block in call'
E, [2016-01-29T13:56:46.883013 #11803] ERROR -- Kitchen: /usr/local/lib/ruby/2.2.0/benchmark.rb:288:in `measure'
E, [2016-01-29T13:56:46.883022 #11803] ERROR -- Kitchen: /usr/local/lib/ruby/gems/2.2.0/gems/test-kitchen-1.5.0/lib/kitchen/command/test.rb:41:in `call'
E, [2016-01-29T13:56:46.883031 #11803] ERROR -- Kitchen: /usr/local/lib/ruby/gems/2.2.0/gems/test-kitchen-1.5.0/lib/kitchen/cli.rb:56:in `perform'
E, [2016-01-29T13:56:46.883041 #11803] ERROR -- Kitchen: /usr/local/lib/ruby/gems/2.2.0/gems/test-kitchen-1.5.0/lib/kitchen/cli.rb:227:in `test'
E, [2016-01-29T13:56:46.883066 #11803] ERROR -- Kitchen: /usr/local/lib/ruby/gems/2.2.0/gems/thor-0.19.1/lib/thor/command.rb:27:in `run'
E, [2016-01-29T13:56:46.883078 #11803] ERROR -- Kitchen: /usr/local/lib/ruby/gems/2.2.0/gems/thor-0.19.1/lib/thor/invocation.rb:126:in `invoke_command'
E, [2016-01-29T13:56:46.883088 #11803] ERROR -- Kitchen: /usr/local/lib/ruby/gems/2.2.0/gems/test-kitchen-1.5.0/lib/kitchen/cli.rb:321:in `invoke_task'
E, [2016-01-29T13:56:46.883100 #11803] ERROR -- Kitchen: /usr/local/lib/ruby/gems/2.2.0/gems/thor-0.19.1/lib/thor.rb:359:in `dispatch'
E, [2016-01-29T13:56:46.883120 #11803] ERROR -- Kitchen: /usr/local/lib/ruby/gems/2.2.0/gems/thor-0.19.1/lib/thor/base.rb:440:in `start'
E, [2016-01-29T13:56:46.883131 #11803] ERROR -- Kitchen: /usr/local/lib/ruby/gems/2.2.0/gems/test-kitchen-1.5.0/bin/kitchen:13:in `block in <top (required)>'
E, [2016-01-29T13:56:46.883141 #11803] ERROR -- Kitchen: /usr/local/lib/ruby/gems/2.2.0/gems/test-kitchen-1.5.0/lib/kitchen/errors.rb:154:in `with_friendly_errors'
E, [2016-01-29T13:56:46.883151 #11803] ERROR -- Kitchen: /usr/local/lib/ruby/gems/2.2.0/gems/test-kitchen-1.5.0/bin/kitchen:13:in `<top (required)>'
E, [2016-01-29T13:56:46.883161 #11803] ERROR -- Kitchen: /usr/local/bin/kitchen:23:in `load'
E, [2016-01-29T13:56:46.883170 #11803] ERROR -- Kitchen: /usr/local/bin/kitchen:23:in `<main>'
E, [2016-01-29T13:56:46.883179 #11803] ERROR -- Kitchen: ----------------------
